c:\users\darky\documents\visual studio 2017\projects\consoleapplication1\consoleapplication1\debug\consoleapplication1.pch.codeanalysis
c:\users\darky\documents\visual studio 2017\projects\consoleapplication1\consoleapplication1\debug\vc141.pdb
c:\users\darky\documents\visual studio 2017\projects\consoleapplication1\consoleapplication1\debug\vc141.idb
c:\users\darky\documents\visual studio 2017\projects\consoleapplication1\consoleapplication1\debug\consoleapplication1.pch.codeanalysisast
c:\users\darky\documents\visual studio 2017\projects\consoleapplication1\consoleapplication1\debug\stdafx.nativecodeanalysis.xml
c:\users\darky\documents\visual studio 2017\projects\consoleapplication1\consoleapplication1\debug\stdafx.obj
c:\users\darky\documents\visual studio 2017\projects\consoleapplication1\consoleapplication1\debug\consoleapplication1.pch
c:\users\darky\documents\visual studio 2017\projects\consoleapplication1\consoleapplication1\debug\consoleapplication1.nativecodeanalysis.xml
c:\users\darky\documents\visual studio 2017\projects\consoleapplication1\consoleapplication1\debug\newcode.nativecodeanalysis.xml
c:\users\darky\documents\visual studio 2017\projects\consoleapplication1\consoleapplication1\debug\newcode.obj
c:\users\darky\documents\visual studio 2017\projects\consoleapplication1\consoleapplication1\debug\consoleapplication1.obj
c:\users\darky\documents\visual studio 2017\projects\consoleapplication1\debug\consoleapplication1.ilk
c:\users\darky\documents\visual studio 2017\projects\consoleapplication1\debug\consoleapplication1.exe
c:\users\darky\documents\visual studio 2017\projects\consoleapplication1\debug\consoleapplication1.pdb
c:\users\darky\documents\visual studio 2017\projects\consoleapplication1\consoleapplication1\debug\nativecodeanalysis.read.1.tlog
c:\users\darky\documents\visual studio 2017\projects\consoleapplication1\consoleapplication1\debug\vc.nativecodeanalysis.all.xml
c:\users\darky\documents\visual studio 2017\projects\consoleapplication1\debug\consoleapplication1.exe.lastcodeanalysissucceeded
c:\users\darky\documents\visual studio 2017\projects\consoleapplication1\consoleapplication1\debug\consolea.fb77f3bf.tlog\cl.command.1.tlog
c:\users\darky\documents\visual studio 2017\projects\consoleapplication1\consoleapplication1\debug\consolea.fb77f3bf.tlog\cl.read.1.tlog
c:\users\darky\documents\visual studio 2017\projects\consoleapplication1\consoleapplication1\debug\consolea.fb77f3bf.tlog\cl.write.1.tlog
c:\users\darky\documents\visual studio 2017\projects\consoleapplication1\consoleapplication1\debug\consolea.fb77f3bf.tlog\link.command.1.tlog
c:\users\darky\documents\visual studio 2017\projects\consoleapplication1\consoleapplication1\debug\consolea.fb77f3bf.tlog\link.read.1.tlog
c:\users\darky\documents\visual studio 2017\projects\consoleapplication1\consoleapplication1\debug\consolea.fb77f3bf.tlog\link.write.1.tlog
